Log file open, 11/20/14 22:38:06
LogInit:Display: Running engine for game: MyProject5
LogInit: Version: 4.5.1-2336687+++depot+UE4-Releases+4.5
LogInit: API Version: 2326478
LogInit: Compiled (64-bit): Oct 21 2014 22:32:40
LogInit: Compiled with Visual C++: 18.00.21005.01
LogInit: Build Configuration: Development
LogInit: Branch Name: ++depot+UE4-Releases+4.5
LogInit: Command line: 
LogInit: Base directory: C:/Program Files/Epic Games/4.5/Engine/Binaries/Win64/
LogInit: Rocket: 1
[2014.11.21-03.38.06:333][  0]LogTaskGraph: Started task graph with 3 named threads and 4 total threads.
[2014.11.21-03.38.06:361][  0]LogOnline:Warning: No default platform service specified for OnlineSubsystem
[2014.11.21-03.38.06:377][  0]LogInit: Presizing for 0 objects not considered by GC, pre-allocating 0 bytes.
[2014.11.21-03.38.06:386][  0]LogInit: Object subsystem initialized
[2014.11.21-03.38.06:389][  0]LogConsoleResponse:Warning: Skipping Unknown console variable: 'UIScaleRule = ShortestSide'
[2014.11.21-03.38.06:389][  0]LogConsoleResponse:Warning:   Found in ini file 'C:/Users/phelow/Documents/E-BALL-A/demo project/Saved/Config/Windows/Engine.ini', in section '[/Script/Engine.RendererSettings]'
[2014.11.21-03.38.06:389][  0]LogConsoleResponse:Warning: Skipping Unknown console variable: 'UIScaleCurve = (EditorCurveData=(Keys=((Time=480.000000,Value=0.444000),(Time=720.000000,Value=0.666000),(Time=1080.000000,Value=1.000000),(Time=8640.000000,Value=8.000000))),ExternalCurve=None)'
[2014.11.21-03.38.06:389][  0]LogConsoleResponse:Warning:   Found in ini file 'C:/Users/phelow/Documents/E-BALL-A/demo project/Saved/Config/Windows/Engine.ini', in section '[/Script/Engine.RendererSettings]'
[2014.11.21-03.38.06:390][  0]LogInit: Selected Device Profile: [Windows]
[2014.11.21-03.38.06:390][  0]LogInit: Applying CVar settings loaded from the selected device profile: [Windows]
[2014.11.21-03.38.06:395][  0]LogInit: Computer: PHELOW-PC
[2014.11.21-03.38.06:395][  0]LogInit: User: phelow
[2014.11.21-03.38.06:396][  0]LogInit: CPU Page size=4096, Cores=2
[2014.11.21-03.38.06:396][  0]LogInit: High frequency timer resolution =2.728320 MHz
[2014.11.21-03.38.06:396][  0]LogMemory: Memory total: Physical=7.7GB (8GB approx) Virtual=8192.0GB
[2014.11.21-03.38.06:396][  0]LogMemory: Platform Memory Stats for Windows
[2014.11.21-03.38.06:396][  0]LogMemory: Process Physical Memory: 64.00 MB used, 64.00 MB peak
[2014.11.21-03.38.06:396][  0]LogMemory: Process Virtual Memory: 41.48 MB used, 41.48 MB peak
[2014.11.21-03.38.06:396][  0]LogMemory: Physical Memory: 4201.02 MB used, 7915.94 MB total
[2014.11.21-03.38.06:396][  0]LogMemory: Virtual Memory: 274.50 MB used, 8388608.00 MB total
[2014.11.21-03.38.06:434][  0]LogD3D11RHI: Found D3D11 adapter 0: Intel(R) HD Graphics 4000 (Feature Level 11_0)
[2014.11.21-03.38.06:434][  0]LogD3D11RHI: Adapter has 64MB of dedicated video memory, 0MB of dedicated system memory, and 1632MB of shared system memory, 1 output[s]
[2014.11.21-03.38.06:434][  0]LogD3D11RHI: Chosen D3D11 Adapter Id = 0
[2014.11.21-03.38.06:440][  0]LogRHI: Texture pool is 616 MB (70% of 880 MB)
[2014.11.21-03.38.06:452][  0]LogD3D11RHI: Async texture creation enabled
[2014.11.21-03.38.06:493][  0]LogTextLocalizationManager: The requested culture ('en_US') has no localization data; parent culture's ('en') localization data will be used.
[2014.11.21-03.38.06:628][  0]LogContentStreaming: Texture pool size is 0.000000MB
[2014.11.21-03.38.11:025][  0]LogTargetPlatformManager:Display: Building Assets For Windows
[2014.11.21-03.38.11:423][  0]LogTargetPlatformManager:Display: Building Assets For Windows
[2014.11.21-03.38.11:469][  0]LogDerivedDataCache:Display: Max Cache Size: 512 MB
[2014.11.21-03.38.11:512][  0]LogDerivedDataCache: Loaded boot cache 0.04s 39MB C:/Users/phelow/AppData/Local/UnrealEngine/4.5/DerivedDataCache/Boot.ddc.
[2014.11.21-03.38.11:512][  0]LogDerivedDataCache:Display: Loaded Boot cache: C:/Users/phelow/AppData/Local/UnrealEngine/4.5/DerivedDataCache/Boot.ddc
[2014.11.21-03.38.11:512][  0]LogDerivedDataCache: FDerivedDataBackendGraph:  Pak pak cache file ../../../../../../Users/phelow/Documents/E-BALL-A/demo project/DerivedDataCache/DDC.ddp not found, will not use a pak cache.
[2014.11.21-03.38.11:512][  0]LogDerivedDataCache: Unable to find inner node Pak for hierarchical cache Hierarchy.
[2014.11.21-03.38.11:579][  0]LogDerivedDataCache:Display: Pak cache opened for reading ../../../Engine/DerivedDataCache/DDC.ddp.
[2014.11.21-03.38.11:590][  0]LogDerivedDataCache: Using Local data cache path C:/Users/phelow/AppData/Local/UnrealEngine/Common/DerivedDataCache: Writable
[2014.11.21-03.38.11:751][  0]LogMeshUtilities: No automatic mesh reduction module available
[2014.11.21-03.38.11:751][  0]LogMeshUtilities: No automatic mesh merging module available
[2014.11.21-03.38.11:985][  0]LogLinker:Warning: Asset '../../../Engine/Content/Functions/Engine_MaterialFunctions02/Texturing/FlipBook.uasset' has been saved with empty engine version. The asset will be loaded but may be incompatible.
[2014.11.21-03.38.11:988][  0]LogLinker:Warning: Asset '../../../Engine/Content/Functions/Engine_MaterialFunctions02/ExampleContent/Textures/flipbook.uasset' has been saved with empty engine version. The asset will be loaded but may be incompatible.
[2014.11.21-03.38.12:146][  0]LogInit: WinSock: version 1.1 (2.2), MaxSocks=32767, MaxUdp=65467
[2014.11.21-03.38.12:835][  0]UdpMessaging: Initializing bridge on interface 0.0.0.0:0 to multicast group 230.0.0.1:6666.
[2014.11.21-03.38.12:987][  0]LogDirectoryWatcher:Warning: Failed to begin reading directory changes for C:/Users/phelow/Documents/E-BALL-A/demo project/Binaries/Win64. Error: 0
[2014.11.21-03.38.13:099][  0]SourceControl: Info Source control is disabled
[2014.11.21-03.38.13:099][  0]SourceControl: Info Source control is disabled
[2014.11.21-03.38.13:104][  0]SourceControl: Info Source control is disabled
[2014.11.21-03.38.13:205][  0]LogObj: 22915 objects as part of root set at end of initial load.
[2014.11.21-03.38.13:205][  0]LogUObjectAllocator: 4803544 out of 0 bytes used by permanent object pool.
[2014.11.21-03.38.13:256][  0]LogEngine: Initializing Engine...
[2014.11.21-03.38.13:378][  0]LogInit: XAudio2 using 'Speaker/HP (2- Realtek High Definition Audio)' : 2 channels at 48 kHz using 32 bits per sample (channel mask 0x3)
[2014.11.21-03.38.13:401][  0]LogInit: FAudioDevice initialized.
[2014.11.21-03.38.13:419][  0]LogAIModule: Creating AISystem for world NewWorld
[2014.11.21-03.38.13:441][  0]LogDerivedDataCache: Saved boot cache 0.02s 39MB C:/Users/phelow/AppData/Local/UnrealEngine/4.5/DerivedDataCache/Boot.ddc.
[2014.11.21-03.38.13:444][  0]LogInit: Texture streaming: Enabled
[2014.11.21-03.38.13:484][  0]LogInit: Transaction tracking system initialized
[2014.11.21-03.38.13:567][  0]BlueprintLog: New page: Editor Load
[2014.11.21-03.38.13:594][  0]LogAssetRegistry: FAssetRegistry took 0.0096 seconds to start up
[2014.11.21-03.38.13:594][  0]LogDirectoryWatcher:Warning: Failed to begin reading directory changes for ../../../Engine/Plugins/Experimental/CharacterAI/Content/. Error: 0
[2014.11.21-03.38.14:089][  0]LogTargetPlatformManager:Display: Building Assets For Windows
[2014.11.21-03.38.14:396][  0]LogTargetPlatformManager:Display: Building Assets For Windows
[2014.11.21-03.38.14:598][  0]LogConsoleResponse:Display: 
[2014.11.21-03.38.14:770][  0]SourceControl: Info Source control is disabled
[2014.11.21-03.38.14:771][  0]Cmd: MAP LOAD FILE="../../../../../../Users/phelow/Documents/E-BALL-A/demo project/Content/Maps/Example_Map.umap" TEMPLATE=0 SHOWPROGRESS=1
[2014.11.21-03.38.14:771][  0]LightingResults: New page: Lighting Build
[2014.11.21-03.38.14:779][  0]MapCheck: New page: Map Check
[2014.11.21-03.38.14:779][  0]LightingResults: New page: Lighting Build
[2014.11.21-03.38.14:793][  0]LogParticles: Destroying 0 GPU particle simulations for FXSystem 0x000000001CB25A80
[2014.11.21-03.38.14:964][  0]LogLinker:Warning: Asset '../../../../../../Users/phelow/Documents/E-BALL-A/demo project/Content/Meshes/BallMesh.uasset' has been saved with empty engine version. The asset will be loaded but may be incompatible.
[2014.11.21-03.38.15:086][  0]LogEditorServer: Finished looking for orphan Actors (0.000 secs)
[2014.11.21-03.38.15:086][  0]LogAIModule: Creating AISystem for world Example_Map
[2014.11.21-03.38.15:087][  0]Cmd: MAP CHECKDEP
[2014.11.21-03.38.15:087][  0]MapCheck: New page: Example_Map - Nov 20, 2014, 5:38:15 PM
[2014.11.21-03.38.15:170][  0]MapCheck: Info Map check complete: 0 Error(s), 0 Warning(s), took 83.073ms to complete.
[2014.11.21-03.38.15:170][  0]LogFileHelpers: Loading map 'Example_Map' took 0.399
[2014.11.21-03.38.15:253][  0]LogCollectionManager: Loaded 0 collections in 0.000938 seconds
[2014.11.21-03.38.15:352][  0]LogCrashTracker: Crashtracker disabled due to settings.
[2014.11.21-03.38.15:358][  0]LogUObjectGlobals:Warning: Failed to find object 'Class None.'
[2014.11.21-03.38.15:397][  0]LogLoad: Full Startup: 11.16 seconds (BP compile: 0.07 seconds)
[2014.11.21-03.38.15:410][  0]LogContentBrowser:Verbose: The content browser source was changed by the sources view to '/Game/Blueprints'
[2014.11.21-03.38.15:553][  1]LogRenderer:Warning: Reallocating scene render targets to support 720x584.
[2014.11.21-03.38.16:242][  3]LogAssetRegistry: Asset discovery search completed in 2.6584 seconds
[2014.11.21-03.38.20:241][216]LogPlayLevel: PIE:  No blueprints needed recompiling
[2014.11.21-03.38.20:241][216]PIE: New page: PIE session: Example_Map (Nov 20, 2014, 5:38:20 PM)
[2014.11.21-03.38.20:291][216]LogPlayLevel: PIE: StaticDuplicateObject took: (0.050320s)
[2014.11.21-03.38.20:293][216]LogPlayLevel: PIE: World Init took: (0.001881s)
[2014.11.21-03.38.20:293][216]LogPlayLevel: PIE: Created PIE world by copying editor world from /Game/Maps/Example_Map.Example_Map to /Game/Maps/UEDPIE_0_Example_Map.Example_Map (0.052590s)
[2014.11.21-03.38.20:348][216]LogLinker:Warning: Asset '../../../../../../Users/phelow/Documents/E-BALL-A/demo project/Content/Blueprints/PhysicsBallBP.uasset' has been saved with empty engine version. The asset will be loaded but may be incompatible.
[2014.11.21-03.38.20:397][216]LogWorld: Game class is 'RollingGameMode_C'
[2014.11.21-03.38.20:398][216]LogAIModule: Creating AISystem for world Example_Map
[2014.11.21-03.38.20:402][216]LogWorld: Bringing World /Game/Maps/UEDPIE_0_Example_Map.Example_Map up for play (max tick rate 0) at 2014.11.20-22.38.20
[2014.11.21-03.38.20:403][216]LogWorld: Bringing up level for play took: 0.004641
[2014.11.21-03.38.20:404][216]PIE: Info Play in editor start time for /Game/Maps/UEDPIE_0_Example_Map -0.161
[2014.11.21-03.38.20:406][216]LogBlueprintUserMessages: 2313.950195
[2014.11.21-03.38.20:406][216]LogBlueprintUserMessages: 1026.894531
[2014.11.21-03.38.20:491][217]LogBlueprintUserMessages: 2313.950195
[2014.11.21-03.38.20:491][217]LogBlueprintUserMessages: 1013.75708
[2014.11.21-03.38.20:525][218]LogBlueprintUserMessages: 2313.950684
[2014.11.21-03.38.20:525][218]LogBlueprintUserMessages: 1010.962463
[2014.11.21-03.38.20:538][219]LogBlueprintUserMessages: 2313.951904
[2014.11.21-03.38.20:538][219]LogBlueprintUserMessages: 1009.825745
[2014.11.21-03.38.20:554][220]LogBlueprintUserMessages: 2313.952637
[2014.11.21-03.38.20:554][220]LogBlueprintUserMessages: 1009.453003
[2014.11.21-03.38.20:569][221]LogBlueprintUserMessages: 2313.953613
[2014.11.21-03.38.20:569][221]LogBlueprintUserMessages: 1008.983459
[2014.11.21-03.38.20:585][222]LogBlueprintUserMessages: 2313.954834
[2014.11.21-03.38.20:585][222]LogBlueprintUserMessages: 1008.501587
[2014.11.21-03.38.20:602][223]LogBlueprintUserMessages: 2313.956543
[2014.11.21-03.38.20:602][223]LogBlueprintUserMessages: 1007.925232
[2014.11.21-03.38.20:618][224]LogBlueprintUserMessages: 2313.95874
[2014.11.21-03.38.20:618][224]LogBlueprintUserMessages: 1007.280701
[2014.11.21-03.38.20:634][225]LogBlueprintUserMessages: 2313.961182
[2014.11.21-03.38.20:634][225]LogBlueprintUserMessages: 1006.601807
[2014.11.21-03.38.20:651][226]LogBlueprintUserMessages: 2313.964111
[2014.11.21-03.38.20:651][226]LogBlueprintUserMessages: 1005.84552
[2014.11.21-03.38.20:668][227]LogBlueprintUserMessages: 2313.967529
[2014.11.21-03.38.20:668][227]LogBlueprintUserMessages: 1005.060059
[2014.11.21-03.38.20:684][228]LogBlueprintUserMessages: 2313.971924
[2014.11.21-03.38.20:684][228]LogBlueprintUserMessages: 1004.118652
[2014.11.21-03.38.20:700][229]LogBlueprintUserMessages: 2313.456543
[2014.11.21-03.38.20:700][229]LogBlueprintUserMessages: 1003.238708
[2014.11.21-03.38.20:716][230]LogBlueprintUserMessages: 2312.955811
[2014.11.21-03.38.20:716][230]LogBlueprintUserMessages: 1002.321777
[2014.11.21-03.38.20:731][231]LogBlueprintUserMessages: 2312.428711
[2014.11.21-03.38.20:731][231]LogBlueprintUserMessages: 1001.286072
[2014.11.21-03.38.20:747][232]LogBlueprintUserMessages: 2311.973145
[2014.11.21-03.38.20:747][232]LogBlueprintUserMessages: 1000.337341
[2014.11.21-03.38.20:765][233]LogBlueprintUserMessages: 2311.511719
[2014.11.21-03.38.20:765][233]LogBlueprintUserMessages: 999.320923
[2014.11.21-03.38.20:779][234]LogBlueprintUserMessages: 2310.959229
[2014.11.21-03.38.20:779][234]LogBlueprintUserMessages: 1003.412292
[2014.11.21-03.38.20:793][235]LogBlueprintUserMessages: 2310.55835
[2014.11.21-03.38.20:793][235]LogBlueprintUserMessages: 1002.385925
[2014.11.21-03.38.20:806][236]LogBlueprintUserMessages: 2310.153809
[2014.11.21-03.38.20:806][236]LogBlueprintUserMessages: 1001.344421
[2014.11.21-03.38.20:819][237]LogBlueprintUserMessages: 2309.780273
[2014.11.21-03.38.20:819][237]LogBlueprintUserMessages: 1000.351074
[2014.11.21-03.38.20:831][238]LogBlueprintUserMessages: 2309.445068
[2014.11.21-03.38.20:832][238]LogBlueprintUserMessages: 999.431824
[2014.11.21-03.38.20:844][239]LogBlueprintUserMessages: 2309.107666
[2014.11.21-03.38.20:844][239]LogBlueprintUserMessages: 1002.168457
[2014.11.21-03.38.20:857][240]LogBlueprintUserMessages: 2308.777344
[2014.11.21-03.38.20:857][240]LogBlueprintUserMessages: 1001.181763
[2014.11.21-03.38.20:868][241]LogBlueprintUserMessages: 2308.391357
[2014.11.21-03.38.20:869][241]LogBlueprintUserMessages: 1000.219727
[2014.11.21-03.38.20:881][242]LogBlueprintUserMessages: 2308.009521
[2014.11.21-03.38.20:881][242]LogBlueprintUserMessages: 999.324646
[2014.11.21-03.38.20:893][243]LogBlueprintUserMessages: 2307.603027
[2014.11.21-03.38.20:893][243]LogBlueprintUserMessages: 1001.97406
[2014.11.21-03.38.20:906][244]LogBlueprintUserMessages: 2307.191895
[2014.11.21-03.38.20:906][244]LogBlueprintUserMessages: 1001.006348
[2014.11.21-03.38.20:919][245]LogBlueprintUserMessages: 2306.780273
[2014.11.21-03.38.20:919][245]LogBlueprintUserMessages: 1000.053223
[2014.11.21-03.38.20:932][246]LogBlueprintUserMessages: 2306.358643
[2014.11.21-03.38.20:932][246]LogBlueprintUserMessages: 999.079346
[2014.11.21-03.38.20:945][247]LogBlueprintUserMessages: 2305.927246
[2014.11.21-03.38.20:945][247]LogBlueprintUserMessages: 1001.973999
[2014.11.21-03.38.20:958][248]LogBlueprintUserMessages: 2305.505127
[2014.11.21-03.38.20:958][248]LogBlueprintUserMessages: 1000.985291
[2014.11.21-03.38.20:970][249]LogBlueprintUserMessages: 2305.096191
[2014.11.21-03.38.20:970][249]LogBlueprintUserMessages: 1000.039978
[2014.11.21-03.38.20:983][250]LogBlueprintUserMessages: 2304.702148
[2014.11.21-03.38.20:983][250]LogBlueprintUserMessages: 999.130737
[2014.11.21-03.38.20:996][251]LogBlueprintUserMessages: 2304.31543
[2014.11.21-03.38.20:996][251]LogBlueprintUserMessages: 1001.996216
[2014.11.21-03.38.21:009][252]LogBlueprintUserMessages: 2303.934814
[2014.11.21-03.38.21:009][252]LogBlueprintUserMessages: 1001.108704
[2014.11.21-03.38.21:020][253]LogBlueprintUserMessages: 2303.565674
[2014.11.21-03.38.21:020][253]LogBlueprintUserMessages: 1000.256836
[2014.11.21-03.38.21:032][254]LogBlueprintUserMessages: 2303.247803
[2014.11.21-03.38.21:032][254]LogBlueprintUserMessages: 999.523987
[2014.11.21-03.38.21:045][255]LogBlueprintUserMessages: 2302.934814
[2014.11.21-03.38.21:045][255]LogBlueprintUserMessages: 1002.273865
[2014.11.21-03.38.21:057][256]LogBlueprintUserMessages: 2302.602295
[2014.11.21-03.38.21:057][256]LogBlueprintUserMessages: 1001.50293
[2014.11.21-03.38.21:069][257]LogBlueprintUserMessages: 2302.303955
[2014.11.21-03.38.21:069][257]LogBlueprintUserMessages: 1000.81543
[2014.11.21-03.38.21:080][258]LogBlueprintUserMessages: 2302.042969
[2014.11.21-03.38.21:080][258]LogBlueprintUserMessages: 1000.214355
[2014.11.21-03.38.21:092][259]LogBlueprintUserMessages: 2301.788086
[2014.11.21-03.38.21:092][259]LogBlueprintUserMessages: 999.627502
[2014.11.21-03.38.21:103][260]LogBlueprintUserMessages: 2301.555176
[2014.11.21-03.38.21:103][260]LogBlueprintUserMessages: 1002.529724
[2014.11.21-03.38.21:115][261]LogBlueprintUserMessages: 2301.348877
[2014.11.21-03.38.21:115][261]LogBlueprintUserMessages: 1002.052795
[2014.11.21-03.38.21:127][262]LogBlueprintUserMessages: 2301.150879
[2014.11.21-03.38.21:127][262]LogBlueprintUserMessages: 1001.597595
[2014.11.21-03.38.21:138][263]LogBlueprintUserMessages: 2300.960938
[2014.11.21-03.38.21:138][263]LogBlueprintUserMessages: 1001.160767
[2014.11.21-03.38.21:149][264]LogBlueprintUserMessages: 2300.815674
[2014.11.21-03.38.21:149][264]LogBlueprintUserMessages: 1000.827148
[2014.11.21-03.38.21:161][265]LogBlueprintUserMessages: 2300.685303
[2014.11.21-03.38.21:161][265]LogBlueprintUserMessages: 1000.527283
[2014.11.21-03.38.21:171][266]LogBlueprintUserMessages: 2300.57959
[2014.11.21-03.38.21:172][266]LogBlueprintUserMessages: 1000.284302
[2014.11.21-03.38.21:182][267]LogBlueprintUserMessages: 2300.500488
[2014.11.21-03.38.21:182][267]LogBlueprintUserMessages: 1000.101929
[2014.11.21-03.38.21:194][268]LogBlueprintUserMessages: 2300.442139
[2014.11.21-03.38.21:194][268]LogBlueprintUserMessages: 999.967957
[2014.11.21-03.38.21:207][269]LogBlueprintUserMessages: 2300.410156
[2014.11.21-03.38.21:207][269]LogBlueprintUserMessages: 1003.264771
[2014.11.21-03.38.21:219][270]LogBlueprintUserMessages: 2300.407227
[2014.11.21-03.38.21:219][270]LogBlueprintUserMessages: 1003.258118
[2014.11.21-03.38.21:231][271]LogBlueprintUserMessages: 2300.403809
[2014.11.21-03.38.21:231][271]LogBlueprintUserMessages: 1003.250671
[2014.11.21-03.38.21:243][272]LogBlueprintUserMessages: 2300.404541
[2014.11.21-03.38.21:243][272]LogBlueprintUserMessages: 1003.252319
[2014.11.21-03.38.21:255][273]LogBlueprintUserMessages: 2300.408691
[2014.11.21-03.38.21:255][273]LogBlueprintUserMessages: 1003.261719
[2014.11.21-03.38.21:267][274]LogBlueprintUserMessages: 2300.415527
[2014.11.21-03.38.21:267][274]LogBlueprintUserMessages: 1003.2771
[2014.11.21-03.38.21:279][275]LogBlueprintUserMessages: 2300.424805
[2014.11.21-03.38.21:279][275]LogBlueprintUserMessages: 1003.298706
[2014.11.21-03.38.21:291][276]LogBlueprintUserMessages: 2300.436035
[2014.11.21-03.38.21:291][276]LogBlueprintUserMessages: 1003.32428
[2014.11.21-03.38.21:303][277]LogBlueprintUserMessages: 2300.449219
[2014.11.21-03.38.21:303][277]LogBlueprintUserMessages: 1003.354431
[2014.11.21-03.38.21:315][278]LogBlueprintUserMessages: 2300.462646
[2014.11.21-03.38.21:315][278]LogBlueprintUserMessages: 1003.385376
[2014.11.21-03.38.21:327][279]LogBlueprintUserMessages: 2300.477051
[2014.11.21-03.38.21:327][279]LogBlueprintUserMessages: 1003.418274
[2014.11.21-03.38.21:339][280]LogBlueprintUserMessages: 2300.491943
[2014.11.21-03.38.21:339][280]LogBlueprintUserMessages: 1003.452271
[2014.11.21-03.38.21:351][281]LogBlueprintUserMessages: 2300.506348
[2014.11.21-03.38.21:351][281]LogBlueprintUserMessages: 1003.485718
[2014.11.21-03.38.21:364][282]LogBlueprintUserMessages: 2300.520752
[2014.11.21-03.38.21:364][282]LogBlueprintUserMessages: 1003.518616
[2014.11.21-03.38.21:377][283]LogBlueprintUserMessages: 2300.534912
[2014.11.21-03.38.21:377][283]LogBlueprintUserMessages: 1003.550903
[2014.11.21-03.38.21:389][284]LogBlueprintUserMessages: 2300.548828
[2014.11.21-03.38.21:389][284]LogBlueprintUserMessages: 1003.582642
[2014.11.21-03.38.21:401][285]LogBlueprintUserMessages: 2300.560791
[2014.11.21-03.38.21:401][285]LogBlueprintUserMessages: 1003.610596
[2014.11.21-03.38.21:414][286]LogBlueprintUserMessages: 2300.571289
[2014.11.21-03.38.21:414][286]LogBlueprintUserMessages: 1003.634033
[2014.11.21-03.38.21:428][287]LogBlueprintUserMessages: 2300.580566
[2014.11.21-03.38.21:428][287]LogBlueprintUserMessages: 1003.655701
[2014.11.21-03.38.21:441][288]LogBlueprintUserMessages: 2300.588379
[2014.11.21-03.38.21:441][288]LogBlueprintUserMessages: 1003.673706
[2014.11.21-03.38.21:453][289]LogBlueprintUserMessages: 2300.593994
[2014.11.21-03.38.21:453][289]LogBlueprintUserMessages: 1003.686768
[2014.11.21-03.38.21:465][290]LogBlueprintUserMessages: 2300.597412
[2014.11.21-03.38.21:465][290]LogBlueprintUserMessages: 1003.694641
[2014.11.21-03.38.21:478][291]LogBlueprintUserMessages: 2300.599121
[2014.11.21-03.38.21:478][291]LogBlueprintUserMessages: 1003.698303
[2014.11.21-03.38.21:491][292]LogBlueprintUserMessages: 2300.598633
[2014.11.21-03.38.21:491][292]LogBlueprintUserMessages: 1003.697388
[2014.11.21-03.38.21:503][293]LogBlueprintUserMessages: 2300.596191
[2014.11.21-03.38.21:503][293]LogBlueprintUserMessages: 1003.691589
[2014.11.21-03.38.21:516][294]LogBlueprintUserMessages: 2300.591553
[2014.11.21-03.38.21:517][294]LogBlueprintUserMessages: 1003.681152
[2014.11.21-03.38.21:531][295]LogBlueprintUserMessages: 2300.584961
[2014.11.21-03.38.21:531][295]LogBlueprintUserMessages: 1003.666077
[2014.11.21-03.38.21:542][296]LogBlueprintUserMessages: 2300.575439
[2014.11.21-03.38.21:542][296]LogBlueprintUserMessages: 1003.644287
[2014.11.21-03.38.21:555][297]LogBlueprintUserMessages: 2300.566162
[2014.11.21-03.38.21:555][297]LogBlueprintUserMessages: 1003.623108
[2014.11.21-03.38.21:568][298]LogBlueprintUserMessages: 2300.554199
[2014.11.21-03.38.21:568][298]LogBlueprintUserMessages: 1003.595581
[2014.11.21-03.38.21:579][299]LogBlueprintUserMessages: 2300.541504
[2014.11.21-03.38.21:579][299]LogBlueprintUserMessages: 1003.566528
[2014.11.21-03.38.21:590][300]LogBlueprintUserMessages: 2300.529541
[2014.11.21-03.38.21:591][300]LogBlueprintUserMessages: 1003.538818
[2014.11.21-03.38.21:602][301]LogBlueprintUserMessages: 2300.516357
[2014.11.21-03.38.21:602][301]LogBlueprintUserMessages: 1003.508606
[2014.11.21-03.38.21:616][302]LogBlueprintUserMessages: 2300.503174
[2014.11.21-03.38.21:616][302]LogBlueprintUserMessages: 1003.478271
[2014.11.21-03.38.21:630][303]LogBlueprintUserMessages: 2300.485596
[2014.11.21-03.38.21:630][303]LogBlueprintUserMessages: 1003.437927
[2014.11.21-03.38.21:642][304]LogBlueprintUserMessages: 2300.469482
[2014.11.21-03.38.21:642][304]LogBlueprintUserMessages: 1003.401428
[2014.11.21-03.38.21:653][305]LogBlueprintUserMessages: 2300.455566
[2014.11.21-03.38.21:653][305]LogBlueprintUserMessages: 1003.369202
[2014.11.21-03.38.21:666][306]LogBlueprintUserMessages: 2300.443115
[2014.11.21-03.38.21:666][306]LogBlueprintUserMessages: 1003.340332
[2014.11.21-03.38.21:678][307]LogBlueprintUserMessages: 2300.430664
[2014.11.21-03.38.21:678][307]LogBlueprintUserMessages: 1003.312317
[2014.11.21-03.38.21:691][308]LogBlueprintUserMessages: 2300.420166
[2014.11.21-03.38.21:691][308]LogBlueprintUserMessages: 1003.288147
[2014.11.21-03.38.21:703][309]LogBlueprintUserMessages: 2300.411377
[2014.11.21-03.38.21:703][309]LogBlueprintUserMessages: 1003.267761
[2014.11.21-03.38.21:716][310]LogBlueprintUserMessages: 2300.406006
[2014.11.21-03.38.21:716][310]LogBlueprintUserMessages: 1003.255554
[2014.11.21-03.38.21:729][311]LogBlueprintUserMessages: 2300.403564
[2014.11.21-03.38.21:729][311]LogBlueprintUserMessages: 1003.250122
[2014.11.21-03.38.21:741][312]LogBlueprintUserMessages: 2300.404053
[2014.11.21-03.38.21:741][312]LogBlueprintUserMessages: 1003.251221
[2014.11.21-03.38.21:753][313]LogBlueprintUserMessages: 2300.404785
[2014.11.21-03.38.21:753][313]LogBlueprintUserMessages: 1003.253052
[2014.11.21-03.38.21:766][314]LogBlueprintUserMessages: 2300.405762
[2014.11.21-03.38.21:766][314]LogBlueprintUserMessages: 1003.255127
[2014.11.21-03.38.21:779][315]LogBlueprintUserMessages: 2300.406738
[2014.11.21-03.38.21:779][315]LogBlueprintUserMessages: 1003.257385
[2014.11.21-03.38.21:792][316]LogBlueprintUserMessages: 2300.407471
[2014.11.21-03.38.21:792][316]LogBlueprintUserMessages: 1003.259277
[2014.11.21-03.38.21:805][317]LogBlueprintUserMessages: 2300.408203
[2014.11.21-03.38.21:805][317]LogBlueprintUserMessages: 1003.26062
[2014.11.21-03.38.21:816][318]LogBlueprintUserMessages: 2300.408447
[2014.11.21-03.38.21:816][318]LogBlueprintUserMessages: 1003.261292
[2014.11.21-03.38.21:829][319]LogBlueprintUserMessages: 2300.408447
[2014.11.21-03.38.21:829][319]LogBlueprintUserMessages: 1003.26123
[2014.11.21-03.38.21:841][320]LogBlueprintUserMessages: 2300.408203
[2014.11.21-03.38.21:841][320]LogBlueprintUserMessages: 1003.260437
[2014.11.21-03.38.21:853][321]LogBlueprintUserMessages: 2300.407471
[2014.11.21-03.38.21:853][321]LogBlueprintUserMessages: 1003.259094
[2014.11.21-03.38.21:865][322]LogBlueprintUserMessages: 2300.406738
[2014.11.21-03.38.21:865][322]LogBlueprintUserMessages: 1003.257324
[2014.11.21-03.38.21:878][323]LogBlueprintUserMessages: 2300.405762
[2014.11.21-03.38.21:878][323]LogBlueprintUserMessages: 1003.255249
[2014.11.21-03.38.21:890][324]LogBlueprintUserMessages: 2300.404785
[2014.11.21-03.38.21:890][324]LogBlueprintUserMessages: 1003.253113
[2014.11.21-03.38.21:902][325]LogBlueprintUserMessages: 2300.404053
[2014.11.21-03.38.21:902][325]LogBlueprintUserMessages: 1003.251282
[2014.11.21-03.38.21:914][326]LogBlueprintUserMessages: 2300.403564
[2014.11.21-03.38.21:914][326]LogBlueprintUserMessages: 1003.250244
[2014.11.21-03.38.21:927][327]LogBlueprintUserMessages: 2300.403564
[2014.11.21-03.38.21:927][327]LogBlueprintUserMessages: 1003.250061
[2014.11.21-03.38.21:940][328]LogBlueprintUserMessages: 2300.403564
[2014.11.21-03.38.21:940][328]LogBlueprintUserMessages: 1003.250061
[2014.11.21-03.38.21:954][329]LogBlueprintUserMessages: 2300.403564
[2014.11.21-03.38.21:954][329]LogBlueprintUserMessages: 1003.250061
[2014.11.21-03.38.21:969][330]LogBlueprintUserMessages: 2300.403564
[2014.11.21-03.38.21:969][330]LogBlueprintUserMessages: 1003.249939
[2014.11.21-03.38.21:983][331]LogBlueprintUserMessages: 2300.403564
[2014.11.21-03.38.21:983][331]LogBlueprintUserMessages: 1003.249878
[2014.11.21-03.38.21:995][332]LogBlueprintUserMessages: 2300.403564
[2014.11.21-03.38.21:995][332]LogBlueprintUserMessages: 1003.249878
[2014.11.21-03.38.22:009][333]LogBlueprintUserMessages: 2300.403564
[2014.11.21-03.38.22:009][333]LogBlueprintUserMessages: 1003.249878
[2014.11.21-03.38.22:021][334]LogBlueprintUserMessages: 2300.403564
[2014.11.21-03.38.22:021][334]LogBlueprintUserMessages: 1003.249878
[2014.11.21-03.38.22:033][335]LogBlueprintUserMessages: 2300.403564
[2014.11.21-03.38.22:033][335]LogBlueprintUserMessages: 1003.249878
[2014.11.21-03.38.22:046][336]LogBlueprintUserMessages: 2300.403564
[2014.11.21-03.38.22:046][336]LogBlueprintUserMessages: 1003.249817
[2014.11.21-03.38.22:058][337]LogBlueprintUserMessages: 2300.403564
[2014.11.21-03.38.22:058][337]LogBlueprintUserMessages: 1003.249817
[2014.11.21-03.38.22:070][338]LogBlueprintUserMessages: 2300.403564
[2014.11.21-03.38.22:070][338]LogBlueprintUserMessages: 1003.249817
[2014.11.21-03.38.22:134][345]LogBlueprintUserMessages: 2300.403564
[2014.11.21-03.38.22:134][345]LogBlueprintUserMessages: 1003.249756
[2014.11.21-03.38.22:193][345]LogParticles: Destroying 0 GPU particle simulations for FXSystem 0x000000001EFD9DA0
[2014.11.21-03.38.42:354][197]LogEditorTransaction: Undo Create Pin Link
[2014.11.21-03.38.42:980][213]LogEditorTransaction: Undo Move Node
[2014.11.21-03.38.43:569][234]LogEditorTransaction: Undo Delete current selection
[2014.11.21-03.38.53:448][664]LogSlate:Warning: GetFontFace failed to load or process 'Roboto-Regular'
[2014.11.21-03.38.53:448][664]LogSlate:Warning: GetFontFace failed to load or process 'Roboto-Regular'
[2014.11.21-03.38.53:507][664]LogSlate:Warning: GetFontFace failed to load or process 'Roboto-Regular'
[2014.11.21-03.38.53:508][664]LogSlate:Warning: GetFontFace failed to load or process 'Roboto-Regular'
[2014.11.21-03.38.53:508][664]LogSlate:Warning: GetFontFace failed to load or process 'Roboto-Regular'
[2014.11.21-03.38.53:508][664]LogSlate:Warning: GetFontFace failed to load or process 'Roboto-Regular'
[2014.11.21-03.38.53:508][664]LogSlate:Warning: GetFontFace failed to load or process 'Roboto-Regular'
[2014.11.21-03.38.53:508][664]LogSlate:Warning: GetFontFace failed to load or process 'Roboto-Regular'
[2014.11.21-03.38.53:508][664]LogSlate:Warning: GetFontFace failed to load or process 'Roboto-Regular'
[2014.11.21-03.38.53:508][664]LogSlate:Warning: GetFontFace failed to load or process 'Roboto-Regular'
[2014.11.21-03.38.53:508][664]LogSlate:Warning: GetFontFace failed to load or process 'Roboto-Regular'
[2014.11.21-03.38.53:508][664]LogSlate:Warning: GetFontFace failed to load or process 'Roboto-Regular'
[2014.11.21-03.38.53:508][664]LogSlate:Warning: GetFontFace failed to load or process 'Roboto-Regular'
[2014.11.21-03.38.53:508][664]LogSlate:Warning: GetFontFace failed to load or process 'Roboto-Regular'
[2014.11.21-03.38.53:508][664]LogSlate:Warning: GetFontFace failed to load or process 'Roboto-Regular'
[2014.11.21-03.38.53:508][664]LogSlate:Warning: GetFontFace failed to load or process 'Roboto-Regular'
[2014.11.21-03.38.53:508][664]LogSlate:Warning: GetFontFace failed to load or process 'Roboto-Regular'
[2014.11.21-03.38.54:288][701]LogSlate:Warning: GetFontFace failed to load or process 'Roboto-Regular'
[2014.11.21-03.38.54:288][701]LogSlate:Warning: GetFontFace failed to load or process 'Roboto-Regular'
[2014.11.21-03.38.54:288][701]LogSlate:Warning: GetFontFace failed to load or process 'Roboto-Regular'
[2014.11.21-03.38.54:288][701]LogSlate:Warning: GetFontFace failed to load or process 'Roboto-Regular'
[2014.11.21-03.38.54:288][701]LogSlate:Warning: GetFontFace failed to load or process 'Roboto-Regular'
[2014.11.21-03.38.54:288][701]LogSlate:Warning: GetFontFace failed to load or process 'Roboto-Regular'
[2014.11.21-03.38.56:350][787]Cmd: OBJ SAVEPACKAGE PACKAGE="/Game/Blueprints/BP_AvoidPlayer" FILE="../../../../../../Users/phelow/Documents/E-BALL-A/demo project/Content/Blueprints/BP_AvoidPlayer.uasset" SILENT=true
[2014.11.21-03.38.56:633][787]LogSavePackage: Save=275.061584ms
[2014.11.21-03.38.56:633][787]LogSavePackage: Moving '../../../../../../Users/phelow/Documents/E-BALL-A/demo project/Saved/BP_AvoidPlayer9361AAD94921DFA5D4D6D2A3D4FB9395.tmp' to '../../../../../../Users/phelow/Documents/E-BALL-A/demo project/Content/Blueprints/BP_AvoidPlayer.uasset'
[2014.11.21-03.38.58:135][848]BlueprintLog: New page: Compile BP_AvoidPlayer
[2014.11.21-03.38.58:292][848]BlueprintEditorCompileResults: Info [0053.96] Compile of BP_AvoidPlayer successful! [in 19 ms]
[2014.11.21-03.39.05:191][119]BlueprintLog: New page: Pre-PIE auto-recompile
[2014.11.21-03.39.05:192][119]LogPlayLevel: [PIE] Compiling Tutorial_BP_MacroLib before PIE...
[2014.11.21-03.39.05:279][119]LogPlayLevel: PIE:  Blueprint regeneration took 87 ms (1 blueprints)
[2014.11.21-03.39.05:279][119]PIE: New page: PIE session: Example_Map (Nov 20, 2014, 5:39:05 PM)
[2014.11.21-03.39.05:343][119]LogPlayLevel: PIE: StaticDuplicateObject took: (0.063857s)
[2014.11.21-03.39.05:344][119]LogPlayLevel: PIE: World Init took: (0.001022s)
[2014.11.21-03.39.05:344][119]LogPlayLevel: PIE: Created PIE world by copying editor world from /Game/Maps/Example_Map.Example_Map to /Game/Maps/UEDPIE_0_Example_Map.Example_Map (0.065203s)
[2014.11.21-03.39.05:374][119]LogWorld: Game class is 'RollingGameMode_C'
[2014.11.21-03.39.05:375][119]LogAIModule: Creating AISystem for world Example_Map
[2014.11.21-03.39.05:379][119]LogWorld: Bringing World /Game/Maps/UEDPIE_0_Example_Map.Example_Map up for play (max tick rate 0) at 2014.11.20-22.39.05
[2014.11.21-03.39.05:380][119]LogWorld: Bringing up level for play took: 0.003943
[2014.11.21-03.39.05:381][119]PIE: Info Play in editor start time for /Game/Maps/UEDPIE_0_Example_Map 0.813
[2014.11.21-03.39.20:770][406]LogParticles: Destroying 0 GPU particle simulations for FXSystem 0x0000000027B26020
[2014.11.21-03.40.27:112][177]LogEditorViewport: Clicking on Actor (LMB): StaticMeshActor (Ground)
[2014.11.21-03.40.28:667][239]LogEditorViewport: Clicking on Actor (LMB): PhysicsBallBP_C (PhysicsBallBP)
[2014.11.21-03.40.31:392][340]LogPlayLevel: PIE:  No blueprints needed recompiling
[2014.11.21-03.40.31:393][340]PIE: New page: PIE session: Example_Map (Nov 20, 2014, 5:40:31 PM)
[2014.11.21-03.40.31:453][340]LogPlayLevel: PIE: StaticDuplicateObject took: (0.060625s)
[2014.11.21-03.40.31:455][340]LogPlayLevel: PIE: World Init took: (0.001565s)
[2014.11.21-03.40.31:455][340]LogPlayLevel: PIE: Created PIE world by copying editor world from /Game/Maps/Example_Map.Example_Map to /Game/Maps/UEDPIE_0_Example_Map.Example_Map (0.062551s)
[2014.11.21-03.40.31:519][340]LogWorld: Game class is 'RollingGameMode_C'
[2014.11.21-03.40.31:520][340]LogAIModule: Creating AISystem for world Example_Map
[2014.11.21-03.40.31:526][340]LogWorld: Bringing World /Game/Maps/UEDPIE_0_Example_Map.Example_Map up for play (max tick rate 0) at 2014.11.20-22.40.31
[2014.11.21-03.40.31:552][340]LogWorld: Bringing up level for play took: 0.031519
[2014.11.21-03.40.31:554][340]PIE: Info Play in editor start time for /Game/Maps/UEDPIE_0_Example_Map 0.982
[2014.11.21-03.40.36:958][762]LogParticles: Destroying 0 GPU particle simulations for FXSystem 0x0000000027B242C0
[2014.11.21-03.40.40:228][889]Cmd: DELETE
[2014.11.21-03.40.40:228][889]Cmd: ACTOR DELETE
[2014.11.21-03.40.40:230][889]LogEditorActor: Deleted Actor: PhysicsBallBP_C
[2014.11.21-03.40.40:299][889]LogEditorActor: Deleted 1 Actors (0.070 secs)
[2014.11.21-03.40.41:463][947]LogPlayLevel: PIE:  No blueprints needed recompiling
[2014.11.21-03.40.41:463][947]PIE: New page: PIE session: Example_Map (Nov 20, 2014, 5:40:41 PM)
[2014.11.21-03.40.41:516][947]LogPlayLevel: PIE: StaticDuplicateObject took: (0.052477s)
[2014.11.21-03.40.41:520][947]LogPlayLevel: PIE: World Init took: (0.004163s)
[2014.11.21-03.40.41:520][947]LogPlayLevel: PIE: Created PIE world by copying editor world from /Game/Maps/Example_Map.Example_Map to /Game/Maps/UEDPIE_0_Example_Map.Example_Map (0.057033s)
[2014.11.21-03.40.41:560][947]LogWorld: Game class is 'RollingGameMode_C'
[2014.11.21-03.40.41:561][947]LogAIModule: Creating AISystem for world Example_Map
[2014.11.21-03.40.41:564][947]LogWorld: Bringing World /Game/Maps/UEDPIE_0_Example_Map.Example_Map up for play (max tick rate 0) at 2014.11.20-22.40.41
[2014.11.21-03.40.41:565][947]LogWorld: Bringing up level for play took: 0.004026
[2014.11.21-03.40.41:567][947]PIE: Info Play in editor start time for /Game/Maps/UEDPIE_0_Example_Map 0.994
[2014.11.21-03.40.42:786][ 31]LogParticles: Destroying 0 GPU particle simulations for FXSystem 0x000000001F83D080
[2014.11.21-03.40.45:327][143]LogContentBrowser:Verbose: The content browser source was changed by the sources view to '/Game/Materials'
[2014.11.21-03.40.46:665][204]LogContentBrowser:Verbose: The content browser source was changed by the sources view to '/Game/Meshes'
[2014.11.21-03.40.47:776][247]LogContentBrowser:Verbose: The content browser source was changed by the sources view to '/Game/StarterContent'
[2014.11.21-03.40.52:393][482]LogContentBrowser:Verbose: The content browser source was changed by the sources view to '/Game/StarterContent/Shapes'
[2014.11.21-03.40.55:721][630]LogActorFactory: Actor Factory created Shape_NarrowCapsule
[2014.11.21-03.40.56:807][679]LogActorFactory: Actor Factory created Shape_NarrowCapsule
[2014.11.21-03.41.03:704][961]LogContentBrowser:Verbose: The content browser source was changed by the sources view to '/Game/Materials'
[2014.11.21-03.41.09:743][224]LogContentBrowser:Verbose: The content browser source was changed by the sources view to '/Game/Maps'
[2014.11.21-03.41.10:647][266]LogContentBrowser:Verbose: The content browser source was changed by the sources view to '/Game/StarterContent'
[2014.11.21-03.41.11:290][297]LogContentBrowser:Verbose: The content browser source was changed by the sources view to '/Game/Meshes'
[2014.11.21-03.41.11:955][321]LogContentBrowser:Verbose: The content browser source was changed by the sources view to '/Game/StarterContent'
[2014.11.21-03.41.13:804][404]LogContentBrowser:Verbose: The content browser source was changed by the sources view to '/Game/StarterContent/Materials'
[2014.11.21-03.41.26:451][926]LogContentBrowser:Verbose: The content browser source was changed by the sources view to '/Game/Blueprints'
[2014.11.21-03.41.43:735][956]LogEditorViewport: Clicking on Actor (LMB): StaticMeshActor (Shape_NarrowCapsule)
[2014.11.21-03.42.04:553][842]LogContentBrowser:Verbose: The content browser source was changed by the sources view to 'None'
[2014.11.21-03.42.04:554][842]LogContentBrowser:Verbose: The content browser source was changed by the sources view to '/Game/Blueprints'
[2014.11.21-03.42.28:143][633]LogWindowsTextInputMethodSystem:Error: Deactivating a context failed while setting focus to the disabled TSF document manager.
[2014.11.21-03.43.04:756][127]LogContentBrowser:Verbose: The content browser source was changed by the sources view to '/Game/Maps'
[2014.11.21-03.43.05:689][172]LogContentBrowser:Verbose: The content browser source was changed by the sources view to '/Game/StarterContent'
[2014.11.21-03.43.06:559][211]LogContentBrowser:Verbose: The content browser source was changed by the sources view to '/Game/Maps'
[2014.11.21-03.43.07:036][237]LogContentBrowser:Verbose: The content browser source was changed by the sources view to '/Game/Blueprints'
[2014.11.21-03.43.52:091][334]LogWindowsTextInputMethodSystem:Error: Deactivating a context failed while setting focus to the disabled TSF document manager.
[2014.11.21-03.43.58:061][603]LogWindowsTextInputMethodSystem:Error: Deactivating a context failed while setting focus to the disabled TSF document manager.
[2014.11.21-03.44.04:965][851]LogWindowsTextInputMethodSystem:Error: Deactivating a context failed while setting focus to the disabled TSF document manager.
[2014.11.21-03.44.12:596][121]LogEditorViewport: Clicking on Actor (LMB): BP_Sky_Sphere_C (SkyShereBlueprint)
[2014.11.21-03.44.14:678][181]BlueprintLog: New page: Pre-PIE auto-recompile
[2014.11.21-03.44.14:698][181]LogPlayLevel: [PIE] Compiling Speed_Upgrade_Blueprint before PIE...
[2014.11.21-03.44.14:864][181]LogPlayLevel: PIE:  Blueprint regeneration took 186 ms (1 blueprints)
[2014.11.21-03.44.14:864][181]PIE: New page: PIE session: Example_Map (Nov 20, 2014, 5:44:14 PM)
[2014.11.21-03.44.14:920][181]LogPlayLevel: PIE: StaticDuplicateObject took: (0.055727s)
[2014.11.21-03.44.14:922][181]LogPlayLevel: PIE: World Init took: (0.001619s)
[2014.11.21-03.44.14:922][181]LogPlayLevel: PIE: Created PIE world by copying editor world from /Game/Maps/Example_Map.Example_Map to /Game/Maps/UEDPIE_0_Example_Map.Example_Map (0.057708s)
[2014.11.21-03.44.14:967][181]LogWorld: Game class is 'RollingGameMode_C'
[2014.11.21-03.44.14:968][181]LogAIModule: Creating AISystem for world Example_Map
[2014.11.21-03.44.14:972][181]LogWorld: Bringing World /Game/Maps/UEDPIE_0_Example_Map.Example_Map up for play (max tick rate 0) at 2014.11.20-22.44.14
[2014.11.21-03.44.14:973][181]LogWorld: Bringing up level for play took: 0.004746
[2014.11.21-03.44.14:975][181]PIE: Info Play in editor start time for /Game/Maps/UEDPIE_0_Example_Map 0.391
[2014.11.21-03.44.37:390][301]LogParticles: Destroying 0 GPU particle simulations for FXSystem 0x000000003165EFC0
[2014.11.21-03.44.44:195][493]LogRenderer:Warning: Reallocating scene render targets to support 856x584.
[2014.11.21-03.45.50:645][553]LogEditorViewport: Clicking on Actor (LMB): BP_AvoidPlayer_C (BP_AvoidPlayer_2)
[2014.11.21-03.45.55:571][753]LogEditorViewport: Clicking on Actor (LMB): Speed_Upgrade_Blueprint_C (Speed_Upgrade_Blueprint)
[2014.11.21-03.46.18:152][637]LogEditorViewport: Clicking on Actor (LMB): Speed_Upgrade_Blueprint_C (Speed_Upgrade_Blueprint)
[2014.11.21-03.47.22:705][373]LogEditorViewport: Clicking on Actor (LMB): StaticMeshActor (Ground)
[2014.11.21-03.47.23:652][412]LogEditorViewport: Clicking on Actor (LMB): Speed_Upgrade_Blueprint_C (Speed_Upgrade_Blueprint)
[2014.11.21-03.47.48:340][657]LogWindowsTextInputMethodSystem:Error: Deactivating a context failed while setting focus to the disabled TSF document manager.
[2014.11.21-03.47.54:746][903]LogWindowsTextInputMethodSystem:Error: Deactivating a context failed while setting focus to the disabled TSF document manager.
[2014.11.21-03.47.55:880][945]LogParticles: Destroying 0 GPU particle simulations for FXSystem 0x000000002D0C0EA0
[2014.11.21-03.47.55:881][945]LogParticles: Destroying 0 GPU particle simulations for FXSystem 0x0000000024828C20
[2014.11.21-03.47.55:881][945]LogParticles: Destroying 0 GPU particle simulations for FXSystem 0x000000003159BBA0
[2014.11.21-03.47.55:882][945]LogParticles: Destroying 0 GPU particle simulations for FXSystem 0x000000001F83E340
[2014.11.21-03.47.56:031][945]Cmd: OBJ SAVEPACKAGE PACKAGE="/Game/Maps/Example_Map" FILE="../../../../../../Users/phelow/Documents/E-BALL-A/demo project/Content/Maps/Example_Map.umap" SILENT=true AUTOSAVING=false KEEPDIRTY=false
[2014.11.21-03.47.56:545][945]LogSavePackage: Save=456.456360ms
[2014.11.21-03.47.56:545][945]LogSavePackage: Moving '../../../../../../Users/phelow/Documents/E-BALL-A/demo project/Saved/Example_Map4BE5C7D642CA934C129513B57F4173FD.tmp' to '../../../../../../Users/phelow/Documents/E-BALL-A/demo project/Content/Maps/Example_Map.umap'
[2014.11.21-03.47.56:577][945]LogFileHelpers: Saving map 'Example_Map' took 0.671
[2014.11.21-03.47.56:597][945]Cmd: OBJ SAVEPACKAGE PACKAGE="/Game/Blueprints/Speed_Upgrade_Blueprint" FILE="../../../../../../Users/phelow/Documents/E-BALL-A/demo project/Content/Blueprints/Speed_Upgrade_Blueprint.uasset" SILENT=true
[2014.11.21-03.47.56:745][945]LogSavePackage: Save=145.446655ms
[2014.11.21-03.47.56:745][945]LogSavePackage: Moving '../../../../../../Users/phelow/Documents/E-BALL-A/demo project/Saved/Speed_Upgrade_BlueprintDEC1164C45A67C748C959581414A0595.tmp' to '../../../../../../Users/phelow/Documents/E-BALL-A/demo project/Content/Blueprints/Speed_Upgrade_Blueprint.uasset'
[2014.11.21-03.48.00:991][116]BlueprintLog: New page: Pre-PIE auto-recompile
[2014.11.21-03.48.00:995][116]LogPlayLevel: [PIE] Compiling Example_Map before PIE...
[2014.11.21-03.48.01:073][116]LogPlayLevel: PIE:  Blueprint regeneration took 82 ms (1 blueprints)
[2014.11.21-03.48.01:073][116]PIE: New page: PIE session: Example_Map (Nov 20, 2014, 5:48:01 PM)
[2014.11.21-03.48.01:139][116]LogPlayLevel: PIE: StaticDuplicateObject took: (0.065453s)
[2014.11.21-03.48.01:140][116]LogPlayLevel: PIE: World Init took: (0.001210s)
[2014.11.21-03.48.01:140][116]LogPlayLevel: PIE: Created PIE world by copying editor world from /Game/Maps/Example_Map.Example_Map to /Game/Maps/UEDPIE_0_Example_Map.Example_Map (0.067042s)
[2014.11.21-03.48.01:194][116]LogWorld: Game class is 'RollingGameMode_C'
[2014.11.21-03.48.01:195][116]LogAIModule: Creating AISystem for world Example_Map
[2014.11.21-03.48.01:199][116]LogWorld: Bringing World /Game/Maps/UEDPIE_0_Example_Map.Example_Map up for play (max tick rate 60) at 2014.11.20-22.48.01
[2014.11.21-03.48.01:200][116]LogWorld: Bringing up level for play took: 0.004446
[2014.11.21-03.48.01:202][116]PIE: Info Play in editor start time for /Game/Maps/UEDPIE_0_Example_Map 0.607
[2014.11.21-03.48.17:689][ 89]LogParticles: Destroying 0 GPU particle simulations for FXSystem 0x0000000016455F80
[2014.11.21-03.48.22:543][289]LogEditorViewport: Clicking on Actor (LMB): StaticMeshActor (Ground)
[2014.11.21-03.48.23:720][334]LogEditorViewport: Clicking on Actor (LMB): Speed_Upgrade_Blueprint_C (Speed_Upgrade_Blueprint)
[2014.11.21-03.49.17:163][449]BlueprintLog: New page: Pre-PIE auto-recompile
[2014.11.21-03.49.17:167][449]LogPlayLevel: [PIE] Compiling Example_Map before PIE...
[2014.11.21-03.49.17:305][449]LogPlayLevel: PIE:  Blueprint regeneration took 141 ms (1 blueprints)
[2014.11.21-03.49.17:305][449]PIE: New page: PIE session: Example_Map (Nov 20, 2014, 5:49:17 PM)
[2014.11.21-03.49.17:381][449]LogPlayLevel: PIE: StaticDuplicateObject took: (0.076455s)
[2014.11.21-03.49.17:384][449]LogPlayLevel: PIE: World Init took: (0.003069s)
[2014.11.21-03.49.17:385][449]LogPlayLevel: PIE: Created PIE world by copying editor world from /Game/Maps/Example_Map.Example_Map to /Game/Maps/UEDPIE_0_Example_Map.Example_Map (0.079999s)
[2014.11.21-03.49.17:432][449]LogWorld: Game class is 'RollingGameMode_C'
[2014.11.21-03.49.17:434][449]LogAIModule: Creating AISystem for world Example_Map
[2014.11.21-03.49.17:439][449]LogWorld: Bringing World /Game/Maps/UEDPIE_0_Example_Map.Example_Map up for play (max tick rate 60) at 2014.11.20-22.49.17
[2014.11.21-03.49.17:440][449]LogWorld: Bringing up level for play took: 0.005741
[2014.11.21-03.49.17:442][449]PIE: Info Play in editor start time for /Game/Maps/UEDPIE_0_Example_Map 0.842
[2014.11.21-03.49.39:184][741]LogParticles: Destroying 0 GPU particle simulations for FXSystem 0x000000001FC6FF60
[2014.11.21-03.50.40:014][502]BlueprintLog: New page: Pre-PIE auto-recompile
[2014.11.21-03.50.40:018][502]LogPlayLevel: [PIE] Compiling Example_Map before PIE...
[2014.11.21-03.50.40:119][502]LogPlayLevel: PIE:  Blueprint regeneration took 104 ms (1 blueprints)
[2014.11.21-03.50.40:119][502]PIE: New page: PIE session: Example_Map (Nov 20, 2014, 5:50:40 PM)
[2014.11.21-03.50.40:191][502]LogPlayLevel: PIE: StaticDuplicateObject took: (0.071708s)
[2014.11.21-03.50.40:193][502]LogPlayLevel: PIE: World Init took: (0.001486s)
[2014.11.21-03.50.40:193][502]LogPlayLevel: PIE: Created PIE world by copying editor world from /Game/Maps/Example_Map.Example_Map to /Game/Maps/UEDPIE_0_Example_Map.Example_Map (0.073554s)
[2014.11.21-03.50.40:246][502]LogWorld: Game class is 'RollingGameMode_C'
[2014.11.21-03.50.40:248][502]LogAIModule: Creating AISystem for world Example_Map
[2014.11.21-03.50.40:252][502]LogWorld: Bringing World /Game/Maps/UEDPIE_0_Example_Map.Example_Map up for play (max tick rate 60) at 2014.11.20-22.50.40
[2014.11.21-03.50.40:253][502]LogWorld: Bringing up level for play took: 0.005693
[2014.11.21-03.50.40:257][502]PIE: Info Play in editor start time for /Game/Maps/UEDPIE_0_Example_Map -0.347
[2014.11.21-03.50.48:491][989]LogBlueprintUserMessages: Ouchie
[2014.11.21-03.50.48:491][989]LogBlueprintUserMessages: Ouch
[2014.11.21-03.50.48:508][990]LogBlueprintUserMessages: Ouchie
[2014.11.21-03.50.48:508][990]LogBlueprintUserMessages: Ouch
[2014.11.21-03.50.48:525][991]LogBlueprintUserMessages: Ouchie
[2014.11.21-03.50.48:525][991]LogBlueprintUserMessages: Ouch
[2014.11.21-03.50.49:607][ 56]LogBlueprintUserMessages: Ouchie
[2014.11.21-03.50.49:608][ 56]LogBlueprintUserMessages: Ouch
[2014.11.21-03.50.49:641][ 58]LogBlueprintUserMessages: Ouchie
[2014.11.21-03.50.49:641][ 58]LogBlueprintUserMessages: Ouch
[2014.11.21-03.50.49:657][ 59]LogBlueprintUserMessages: Ouchie
[2014.11.21-03.50.49:658][ 59]LogBlueprintUserMessages: Ouch
[2014.11.21-03.50.49:674][ 60]LogBlueprintUserMessages: Ouchie
[2014.11.21-03.50.49:674][ 60]LogBlueprintUserMessages: Ouch
[2014.11.21-03.50.49:691][ 61]LogBlueprintUserMessages: Ouchie
[2014.11.21-03.50.49:691][ 61]LogBlueprintUserMessages: Ouch
[2014.11.21-03.50.49:707][ 62]LogBlueprintUserMessages: Ouchie
[2014.11.21-03.50.49:707][ 62]LogBlueprintUserMessages: Ouch
[2014.11.21-03.50.49:724][ 63]LogBlueprintUserMessages: Ouchie
[2014.11.21-03.50.49:724][ 63]LogBlueprintUserMessages: Ouch
[2014.11.21-03.50.49:741][ 64]LogBlueprintUserMessages: Ouchie
[2014.11.21-03.50.49:741][ 64]LogBlueprintUserMessages: Ouch
[2014.11.21-03.50.49:757][ 65]LogBlueprintUserMessages: Ouchie
[2014.11.21-03.50.49:758][ 65]LogBlueprintUserMessages: Ouch
[2014.11.21-03.50.49:774][ 66]LogBlueprintUserMessages: Ouchie
[2014.11.21-03.50.49:774][ 66]LogBlueprintUserMessages: Ouch
[2014.11.21-03.50.49:791][ 67]LogBlueprintUserMessages: Ouchie
[2014.11.21-03.50.49:791][ 67]LogBlueprintUserMessages: Ouch
[2014.11.21-03.50.49:807][ 68]LogBlueprintUserMessages: Ouchie
[2014.11.21-03.50.49:807][ 68]LogBlueprintUserMessages: Ouch
[2014.11.21-03.50.49:824][ 69]LogBlueprintUserMessages: Ouchie
[2014.11.21-03.50.49:824][ 69]LogBlueprintUserMessages: Ouch
[2014.11.21-03.50.49:841][ 70]LogBlueprintUserMessages: Ouchie
[2014.11.21-03.50.49:841][ 70]LogBlueprintUserMessages: Ouch
[2014.11.21-03.50.49:857][ 71]LogBlueprintUserMessages: Ouchie
[2014.11.21-03.50.49:858][ 71]LogBlueprintUserMessages: Ouch
[2014.11.21-03.50.49:874][ 72]LogBlueprintUserMessages: Ouchie
[2014.11.21-03.50.49:874][ 72]LogBlueprintUserMessages: Ouch
[2014.11.21-03.50.50:207][ 92]LogBlueprintUserMessages: Ouchie
[2014.11.21-03.50.50:207][ 92]LogBlueprintUserMessages: Ouch
[2014.11.21-03.50.50:224][ 93]LogBlueprintUserMessages: Ouchie
[2014.11.21-03.50.50:224][ 93]LogBlueprintUserMessages: Ouch
[2014.11.21-03.50.50:241][ 94]LogBlueprintUserMessages: Ouchie
[2014.11.21-03.50.50:241][ 94]LogBlueprintUserMessages: Ouch
[2014.11.21-03.50.50:258][ 95]LogBlueprintUserMessages: Ouchie
[2014.11.21-03.50.50:258][ 95]LogBlueprintUserMessages: Ouch
[2014.11.21-03.50.50:274][ 96]LogBlueprintUserMessages: Ouchie
[2014.11.21-03.50.50:274][ 96]LogBlueprintUserMessages: Ouch
[2014.11.21-03.50.50:291][ 97]LogBlueprintUserMessages: Ouchie
[2014.11.21-03.50.50:291][ 97]LogBlueprintUserMessages: Ouch
[2014.11.21-03.50.50:307][ 98]LogBlueprintUserMessages: Ouchie
[2014.11.21-03.50.50:307][ 98]LogBlueprintUserMessages: Ouch
[2014.11.21-03.50.50:324][ 99]LogBlueprintUserMessages: Ouchie
[2014.11.21-03.50.50:324][ 99]LogBlueprintUserMessages: Ouch
[2014.11.21-03.50.50:341][100]LogBlueprintUserMessages: Ouchie
[2014.11.21-03.50.50:341][100]LogBlueprintUserMessages: Ouch
[2014.11.21-03.50.50:357][101]LogBlueprintUserMessages: Ouchie
[2014.11.21-03.50.50:357][101]LogBlueprintUserMessages: Ouch
[2014.11.21-03.50.50:624][117]LogBlueprintUserMessages: Ouchie
[2014.11.21-03.50.50:624][117]LogBlueprintUserMessages: Ouch
[2014.11.21-03.50.50:641][118]LogBlueprintUserMessages: Ouchie
[2014.11.21-03.50.50:641][118]LogBlueprintUserMessages: Ouch
[2014.11.21-03.50.50:657][119]LogBlueprintUserMessages: Ouchie
[2014.11.21-03.50.50:657][119]LogBlueprintUserMessages: Ouch
[2014.11.21-03.50.50:674][120]LogBlueprintUserMessages: Ouchie
[2014.11.21-03.50.50:674][120]LogBlueprintUserMessages: Ouch
[2014.11.21-03.50.50:691][121]LogBlueprintUserMessages: Ouchie
[2014.11.21-03.50.50:691][121]LogBlueprintUserMessages: Ouch
[2014.11.21-03.50.50:707][122]LogBlueprintUserMessages: Ouchie
[2014.11.21-03.50.50:707][122]LogBlueprintUserMessages: Ouch
[2014.11.21-03.50.50:724][123]LogBlueprintUserMessages: Ouchie
[2014.11.21-03.50.50:724][123]LogBlueprintUserMessages: Ouch
[2014.11.21-03.50.50:741][124]LogBlueprintUserMessages: Ouchie
[2014.11.21-03.50.50:741][124]LogBlueprintUserMessages: Ouch
[2014.11.21-03.50.50:757][125]LogBlueprintUserMessages: Ouchie
[2014.11.21-03.50.50:757][125]LogBlueprintUserMessages: Ouch
[2014.11.21-03.50.50:774][126]LogBlueprintUserMessages: Ouchie
[2014.11.21-03.50.50:774][126]LogBlueprintUserMessages: Ouch
[2014.11.21-03.50.50:791][127]LogBlueprintUserMessages: Ouchie
[2014.11.21-03.50.50:791][127]LogBlueprintUserMessages: Ouch
[2014.11.21-03.50.50:807][128]LogBlueprintUserMessages: Ouchie
[2014.11.21-03.50.50:807][128]LogBlueprintUserMessages: Ouch
[2014.11.21-03.50.50:824][129]LogBlueprintUserMessages: Ouchie
[2014.11.21-03.50.50:824][129]LogBlueprintUserMessages: Ouch
[2014.11.21-03.50.50:841][130]LogBlueprintUserMessages: Ouchie
[2014.11.21-03.50.50:841][130]LogBlueprintUserMessages: Ouch
[2014.11.21-03.50.50:857][131]LogBlueprintUserMessages: Ouchie
[2014.11.21-03.50.50:857][131]LogBlueprintUserMessages: Ouch
[2014.11.21-03.50.50:874][132]LogBlueprintUserMessages: Ouchie
[2014.11.21-03.50.50:874][132]LogBlueprintUserMessages: Ouch
[2014.11.21-03.50.50:891][133]LogBlueprintUserMessages: Ouchie
[2014.11.21-03.50.50:891][133]LogBlueprintUserMessages: Ouch
[2014.11.21-03.50.50:908][134]LogBlueprintUserMessages: Ouchie
[2014.11.21-03.50.50:908][134]LogBlueprintUserMessages: Ouch
[2014.11.21-03.50.50:924][135]LogBlueprintUserMessages: Ouchie
[2014.11.21-03.50.50:924][135]LogBlueprintUserMessages: Ouch
[2014.11.21-03.50.50:941][136]LogBlueprintUserMessages: Ouchie
[2014.11.21-03.50.50:941][136]LogBlueprintUserMessages: Ouch
[2014.11.21-03.50.50:957][137]LogBlueprintUserMessages: Ouchie
[2014.11.21-03.50.50:957][137]LogBlueprintUserMessages: Ouch
[2014.11.21-03.50.50:974][138]LogBlueprintUserMessages: Ouchie
[2014.11.21-03.50.50:974][138]LogBlueprintUserMessages: Ouch
[2014.11.21-03.50.50:991][139]LogBlueprintUserMessages: Ouchie
[2014.11.21-03.50.50:991][139]LogBlueprintUserMessages: Ouch
[2014.11.21-03.50.51:007][140]LogBlueprintUserMessages: Ouchie
[2014.11.21-03.50.51:008][140]LogBlueprintUserMessages: Ouch
[2014.11.21-03.50.51:024][141]LogBlueprintUserMessages: Ouchie
[2014.11.21-03.50.51:024][141]LogBlueprintUserMessages: Ouch
[2014.11.21-03.50.51:041][142]LogBlueprintUserMessages: Ouchie
[2014.11.21-03.50.51:041][142]LogBlueprintUserMessages: Ouch
[2014.11.21-03.50.51:057][143]LogBlueprintUserMessages: Ouchie
[2014.11.21-03.50.51:057][143]LogBlueprintUserMessages: Ouch
[2014.11.21-03.50.51:074][144]LogBlueprintUserMessages: Ouchie
[2014.11.21-03.50.51:074][144]LogBlueprintUserMessages: Ouch
[2014.11.21-03.50.51:091][145]LogBlueprintUserMessages: Ouchie
[2014.11.21-03.50.51:091][145]LogBlueprintUserMessages: Ouch
[2014.11.21-03.50.51:107][146]LogBlueprintUserMessages: Ouchie
[2014.11.21-03.50.51:107][146]LogBlueprintUserMessages: Ouch
[2014.11.21-03.50.51:124][147]LogBlueprintUserMessages: Ouchie
[2014.11.21-03.50.51:124][147]LogBlueprintUserMessages: Ouch
[2014.11.21-03.50.51:141][148]LogBlueprintUserMessages: Ouchie
[2014.11.21-03.50.51:141][148]LogBlueprintUserMessages: Ouch
[2014.11.21-03.50.51:157][149]LogBlueprintUserMessages: Ouchie
[2014.11.21-03.50.51:157][149]LogBlueprintUserMessages: Ouch
[2014.11.21-03.50.52:173][203]LogParticles: Destroying 0 GPU particle simulations for FXSystem 0x0000000012CC6700
[2014.11.21-03.51.03:090][636]LogWindowsTextInputMethodSystem:Error: Deactivating a context failed while setting focus to the disabled TSF document manager.
[2014.11.21-03.52.30:808][115]LogWindowsTextInputMethodSystem:Error: Deactivating a context failed while setting focus to the disabled TSF document manager.
[2014.11.21-03.52.32:497][182]LogWindowsTextInputMethodSystem:Error: Deactivating a context failed while setting focus to the disabled TSF document manager.
[2014.11.21-03.53.00:830][141]LogWindowsTextInputMethodSystem:Error: Deactivating a context failed while setting focus to the disabled TSF document manager.
[2014.11.21-03.53.00:830][141]LogWindowsTextInputMethodSystem:Error: Deactivating a context failed while setting focus to the disabled TSF document manager.
[2014.11.21-03.53.10:888][530]LogSlate:Warning: GetFontFace failed to load or process 'Roboto-Regular'
[2014.11.21-03.53.10:888][530]LogSlate:Warning: GetFontFace failed to load or process 'Roboto-Regular'
[2014.11.21-03.53.10:888][530]LogSlate:Warning: GetFontFace failed to load or process 'Roboto-Regular'
[2014.11.21-03.53.10:888][530]LogSlate:Warning: GetFontFace failed to load or process 'Roboto-Regular'
[2014.11.21-03.53.10:889][530]LogSlate:Warning: GetFontFace failed to load or process 'Roboto-Regular'
[2014.11.21-03.53.11:864][576]LogWindowsTextInputMethodSystem:Error: Deactivating a context failed while setting focus to the disabled TSF document manager.
[2014.11.21-03.53.11:864][576]LogWindowsTextInputMethodSystem:Error: Deactivating a context failed while setting focus to the disabled TSF document manager.
[2014.11.21-03.53.13:814][677]LogWindowsTextInputMethodSystem:Error: Deactivating a context failed while setting focus to the disabled TSF document manager.
[2014.11.21-03.53.13:814][677]LogWindowsTextInputMethodSystem:Error: Deactivating a context failed while setting focus to the disabled TSF document manager.
[2014.11.21-03.53.22:540][ 51]LogWindowsTextInputMethodSystem:Error: Deactivating a context failed while setting focus to the disabled TSF document manager.
[2014.11.21-03.53.22:540][ 51]LogWindowsTextInputMethodSystem:Error: Deactivating a context failed while setting focus to the disabled TSF document manager.
[2014.11.21-03.54.07:536][ 75]BlueprintLog: New page: Pre-PIE auto-recompile
[2014.11.21-03.54.07:560][ 75]LogPlayLevel: [PIE] Compiling Speed_Upgrade_Blueprint before PIE...
[2014.11.21-03.54.07:733][ 75]LogPlayLevel: [PIE] Compiling Example_Map before PIE...
[2014.11.21-03.54.07:818][ 75]LogPlayLevel: PIE:  Blueprint regeneration took 281 ms (2 blueprints)
[2014.11.21-03.54.07:818][ 75]PIE: New page: PIE session: Example_Map (Nov 20, 2014, 5:54:07 PM)
[2014.11.21-03.54.07:880][ 75]LogPlayLevel: PIE: StaticDuplicateObject took: (0.061617s)
[2014.11.21-03.54.07:882][ 75]LogPlayLevel: PIE: World Init took: (0.002035s)
[2014.11.21-03.54.07:882][ 75]LogPlayLevel: PIE: Created PIE world by copying editor world from /Game/Maps/Example_Map.Example_Map to /Game/Maps/UEDPIE_0_Example_Map.Example_Map (0.064078s)
[2014.11.21-03.54.07:937][ 75]LogWorld: Game class is 'RollingGameMode_C'
[2014.11.21-03.54.07:938][ 75]LogAIModule: Creating AISystem for world Example_Map
[2014.11.21-03.54.07:942][ 75]LogWorld: Bringing World /Game/Maps/UEDPIE_0_Example_Map.Example_Map up for play (max tick rate 60) at 2014.11.20-22.54.07
[2014.11.21-03.54.07:942][ 75]LogWorld: Bringing up level for play took: 0.004338
[2014.11.21-03.54.07:945][ 75]PIE: Info Play in editor start time for /Game/Maps/UEDPIE_0_Example_Map 1.33
[2014.11.21-03.54.15:462][513]LogParticles: Destroying 0 GPU particle simulations for FXSystem 0x0000000024B26020
[2014.11.21-03.54.25:148][815]LogEditorViewport: Clicking on Actor (LMB): BP_Sky_Sphere_C (SkyShereBlueprint)
[2014.11.21-03.54.26:879][883]LogEditorViewport: Clicking on Actor (LMB): BP_Sky_Sphere_C (SkyShereBlueprint)
[2014.11.21-03.54.27:873][923]BlueprintLog: New page: Pre-PIE auto-recompile
[2014.11.21-03.54.27:878][923]LogPlayLevel: [PIE] Compiling Example_Map before PIE...
[2014.11.21-03.54.27:961][923]LogPlayLevel: PIE:  Blueprint regeneration took 88 ms (1 blueprints)
[2014.11.21-03.54.27:961][923]PIE: New page: PIE session: Example_Map (Nov 20, 2014, 5:54:27 PM)
[2014.11.21-03.54.28:027][923]LogPlayLevel: PIE: StaticDuplicateObject took: (0.066319s)
[2014.11.21-03.54.28:031][923]LogPlayLevel: PIE: World Init took: (0.003176s)
[2014.11.21-03.54.28:031][923]LogPlayLevel: PIE: Created PIE world by copying editor world from /Game/Maps/Example_Map.Example_Map to /Game/Maps/UEDPIE_0_Example_Map.Example_Map (0.069813s)
[2014.11.21-03.54.28:073][923]LogWorld: Game class is 'RollingGameMode_C'
[2014.11.21-03.54.28:074][923]LogAIModule: Creating AISystem for world Example_Map
[2014.11.21-03.54.28:079][923]LogWorld: Bringing World /Game/Maps/UEDPIE_0_Example_Map.Example_Map up for play (max tick rate 60) at 2014.11.20-22.54.28
[2014.11.21-03.54.28:080][923]LogWorld: Bringing up level for play took: 0.005927
[2014.11.21-03.54.28:082][923]PIE: Info Play in editor start time for /Game/Maps/UEDPIE_0_Example_Map -0.534
[2014.11.21-03.54.36:806][361]LogParticles: Destroying 0 GPU particle simulations for FXSystem 0x0000000016456700
[2014.11.21-03.55.07:150][653]LogEditorViewport: Clicking on Actor (LMB): Speed_Upgrade_Blueprint_C (Speed_Upgrade_Blueprint)
[2014.11.21-03.55.21:848][217]LogWindowsTextInputMethodSystem:Error: Deactivating a context failed while setting focus to the disabled TSF document manager.
[2014.11.21-03.55.21:848][217]LogWindowsTextInputMethodSystem:Error: Deactivating a context failed while setting focus to the disabled TSF document manager.
[2014.11.21-03.55.23:533][281]LogWindowsTextInputMethodSystem:Error: Deactivating a context failed while setting focus to the disabled TSF document manager.
[2014.11.21-03.55.23:533][281]LogWindowsTextInputMethodSystem:Error: Deactivating a context failed while setting focus to the disabled TSF document manager.
[2014.11.21-03.55.27:586][433]LogWindowsTextInputMethodSystem:Error: Deactivating a context failed while setting focus to the disabled TSF document manager.
[2014.11.21-03.55.27:586][433]LogWindowsTextInputMethodSystem:Error: Deactivating a context failed while setting focus to the disabled TSF document manager.
[2014.11.21-03.55.27:586][433]LogWindowsTextInputMethodSystem:Error: Deactivating a context failed while setting focus to the disabled TSF document manager.
[2014.11.21-03.55.37:355][828]LogRenderer:Warning: Reallocating scene render targets to support 856x600.
[2014.11.21-03.55.41:712][830]LogD3D11RHI:Warning: FD3D11DynamicRHI::RHIMapStagingSurface failed (GetDeviceRemovedReason(): -2005270522)
[2014.11.21-03.55.41:752][830]LogD3D11RHI:Error: D3DRHI->GetDevice()->CreateTexture2D(&StagingTextureDesc,NULL,StagingTexture.GetInitReference()) failed 
 at D:\BuildFarm\buildmachine_++depot+UE4-Releases+4.5\Engine\Source\Runtime\Windows\D3D11RHI\Private\D3D11Texture.cpp:1356 
 with error DXGI_ERROR_DEVICE_REMOVED
[2014.11.21-03.55.43:872][830]LogWindows: FPlatformMisc::RequestExit(1)
[2014.11.21-03.55.43:873][830]Log file closed, 11/20/14 22:55:43
